C51 COMPILER V9.57.0.0   SHIYAN6_1                                                         05/25/2020 16:17:23 PAGE 1   


C51 COMPILER V9.57.0.0, COMPILATION OF MODULE SHIYAN6_1
OBJECT MODULE PLACED IN .\Objects\shiyan6_1.obj
COMPILER INVOKED BY: E:\Keil\Keil5\C51\BIN\C51.EXE shiyan6_1.c OPTIMIZE(8,SPEED) BROWSE DEBUG OBJECTEXTEND PRINT(.\Listi
                    -ngs\shiyan6_1.lst) TABS(2) OBJECT(.\Objects\shiyan6_1.obj)

line level    source

   1          #include <reg51.h>
   2          unsigned char code table[]={0x3f,0x06,0x5b,0x4f,0x66,0x6d,0x7d,0x07,0x7f,0x6f};
   3          sbit P1_0=P1^0;
   4          void delay(unsigned char cnt)   //延时子程序
   5          {
   6   1        unsigned int i;
   7   1        do
   8   1        {
   9   2          for(i=0;i<165;i++);
  10   2        }while(--cnt);
  11   1      }
  12          
  13          void main()
  14          {
  15   1        unsigned char k=0;
  16   1        P2=0x00;                //LED数码管初始状态全灭
  17   1        while(1)
  18   1        {
  19   2          if(P1_0==0)
  20   2          {                     //第一次检测到按键信息
  21   3            delay(30);          //延时约20ms，消除抖动
  22   3            if(P1_0==0)
  23   3            {                   //第二次检测到按键信息
  24   4              P2=table[k];      //LED显示
  25   4              k++;        
  26   4              if(k==10) k=0;    //实现循环显示
  27   4              while(P1_0==0);   //等待按键释放
  28   4            }
  29   3          }
  30   2        }
  31   1      }


MODULE INFORMATION:   STATIC OVERLAYABLE
   CODE SIZE        =     50    ----
   CONSTANT SIZE    =     10    ----
   XDATA SIZE       =   ----    ----
   PDATA SIZE       =   ----    ----
   DATA SIZE        =   ----    ----
   IDATA SIZE       =   ----    ----
   BIT SIZE         =   ----    ----
END OF MODULE INFORMATION.


C51 COMPILATION COMPLETE.  0 WARNING(S),  0 ERROR(S)
