C51 COMPILER V9.57.0.0   SHIYAN6_2                                                         05/26/2020 22:51:34 PAGE 1   


C51 COMPILER V9.57.0.0, COMPILATION OF MODULE SHIYAN6_2
OBJECT MODULE PLACED IN .\Objects\shiyan6_2.obj
COMPILER INVOKED BY: E:\Keil\Keil5\C51\BIN\C51.EXE shiyan6_2.c OPTIMIZE(8,SPEED) BROWSE DEBUG OBJECTEXTEND PRINT(.\Listi
                    -ngs\shiyan6_2.lst) TABS(2) OBJECT(.\Objects\shiyan6_2.obj)

line level    source

   1          #include <reg51.h>
   2          sbit P2_0=P2^0;
   3          sbit P2_1=P2^1;
   4          sbit P2_2=P2^2;
   5          sbit P2_3=P2^3;
   6          sbit P2_4=P2^4;
   7          sbit P2_5=P2^5;
   8          sbit P2_6=P2^6;
   9          sbit P2_7=P2^7;
  10          unsigned char code table[]={0x3f,0x06,0x5b,0x4f,0x66,0x6d,0x7d,0x07,0x7f,0x6f};
  11          unsigned char d1=2,d2=0,d3=1,d4=9;
  12          
  13          void delay(unsigned char cnt)   //延时子程序
  14          {
  15   1        unsigned int i;
  16   1        do
  17   1        {
  18   2          for(i=0;i<165;i++);
  19   2        }while(--cnt);
  20   1      }
  21          
  22          void display(void)
  23          { 
  24   1        P2&=0xf0;   //关断位选信号
  25   1        P1=table[d1]; //送显示数据
  26   1        P2_0=1;   //选中第一个数码管
  27   1        delay(2);   //延时
  28   1        P2&=0xf0;     //关断位选信号
  29   1        P1=table[d2]; //送显示数据
  30   1        P2_1=1; ;   //选中第二个数码管
  31   1        delay(2);   //延时
  32   1        P2&=0xf0;   //关断位选信号
  33   1        P1=table[d3]; //送显示数据
  34   1        P2_2=1;   //选中第三个数码管
  35   1        delay(2);   //延时
  36   1        P2&=0xf0;     //关断位选信号
  37   1        P1=table[d4]; //送显示数据
  38   1        P2_3=1; ;   //选中第四个数码管
  39   1        delay(2);   //延时
  40   1        P1=0;   //关段码
  41   1        P2&=0xfc; //关位码
  42   1      }
  43          
  44          main()
  45          {
  46   1        while(1)
  47   1        {
  48   2          if(P2_4==0)
  49   2          {                     //第一次检测到按键信息
  50   3            delay(30);          //延时约20ms，消除抖动
  51   3            if(P2_4==0)
  52   3            {                   //第二次检测到按键信息
  53   4              d1++;       
  54   4              if(d1==10) d1=0;    //实现循环显示
C51 COMPILER V9.57.0.0   SHIYAN6_2                                                         05/26/2020 22:51:34 PAGE 2   

  55   4              while(P2_4==0)    //等待按键释放
  56   4              {display();}
  57   4            }
  58   3          }
  59   2          if(P2_5==0)
  60   2          {                     //第一次检测到按键信息
  61   3            delay(30);          //延时约20ms，消除抖动
  62   3            if(P2_5==0)
  63   3            {                   //第二次检测到按键信息
  64   4              d2++;       
  65   4              if(d2==10) d2=0;    //实现循环显示
  66   4              while(P2_5==0)    //等待按键释放
  67   4              {display();}
  68   4            }
  69   3          }
  70   2          if(P2_6==0)
  71   2          {                     //第一次检测到按键信息
  72   3            delay(30);          //延时约20ms，消除抖动
  73   3            if(P2_6==0)
  74   3            {                   //第二次检测到按键信息
  75   4              d3++;       
  76   4              if(d3==10) d3=0;    //实现循环显示
  77   4              while(P2_6==0)    //等待按键释放
  78   4              {display();}
  79   4            }
  80   3          }
  81   2          if(P2_7==0)
  82   2          {                     //第一次检测到按键信息
  83   3            delay(30);          //延时约20ms，消除抖动
  84   3            if(P2_7==0)
  85   3            {                   //第二次检测到按键信息
  86   4              d4++;       
  87   4              if(d4==10) d4=0;    //实现循环显示
  88   4              while(P2_7==0)    //等待按键释放
  89   4              {display();}
  90   4            }
  91   3          }
  92   2          display();
  93   2        }
  94   1      }


MODULE INFORMATION:   STATIC OVERLAYABLE
   CODE SIZE        =    208    ----
   CONSTANT SIZE    =     10    ----
   XDATA SIZE       =   ----    ----
   PDATA SIZE       =   ----    ----
   DATA SIZE        =      4    ----
   IDATA SIZE       =   ----    ----
   BIT SIZE         =   ----    ----
END OF MODULE INFORMATION.


C51 COMPILATION COMPLETE.  0 WARNING(S),  0 ERROR(S)
