C51 COMPILER V9.57.0.0   SHIYAN2_3                                                         04/16/2020 17:38:16 PAGE 1   


C51 COMPILER V9.57.0.0, COMPILATION OF MODULE SHIYAN2_3
OBJECT MODULE PLACED IN .\Objects\shiyan2_3.obj
COMPILER INVOKED BY: E:\Keil\Keil5\C51\BIN\C51.EXE shiyan2_3.c OPTIMIZE(8,SPEED) BROWSE DEBUG OBJECTEXTEND PRINT(.\Listi
                    -ngs\shiyan2_3.lst) TABS(2) OBJECT(.\Objects\shiyan2_3.obj)

line level    source

   1          #include<reg51.h>
   2          #define uchar unsigned char
   3          #define uint unsigned int
   4          uchar code LED1[]={0x01,0x02,0x04,0x08,0x10,0x20,0x40,0x80};
   5          uchar code LED2[]={0x80,0x40,0x20,0x10,0x08,0x04,0x02,0x01};
   6          uchar code LED3[]={0x03,0x0c,0x30,0xc0};
   7          uchar code LED4[]={0x55,0xaa};
   8          uchar num=0;
   9          void delay(uint cnt)
  10          {
  11   1        uint i;
  12   1        do{
  13   2          for(i=0;i<6000;i++);
  14   2        }while(cnt--);
  15   1      }
  16          
  17          void int1() interrupt 2
  18          {
  19   1        num++;
  20   1        if(num==4)
  21   1          num=0;
  22   1      }
  23          main()
  24          {
  25   1        EA=1;
  26   1        EX1=1;
  27   1        IT1=1;
  28   1        while(1)
  29   1        {
  30   2          uchar j;
  31   2          if(num==0)
  32   2          {
  33   3            for(j=0;j<8;j++)
  34   3            {P1=LED1[j];
  35   4            delay(10);
  36   4            if(num!=0)break;}
  37   3          }
  38   2          if(num==1)
  39   2          {
  40   3            for(j=0;j<8;j++)
  41   3            {P1=LED2[j];
  42   4            delay(10);
  43   4            if(num!=1)break;}
  44   3          }
  45   2          if(num==2)
  46   2          {
  47   3            for(j=0;j<4;j++)
  48   3            {P1=LED3[j];
  49   4            delay(10);
  50   4            if(num!=2)break;}
  51   3          }
  52   2          if(num==3)
  53   2          {
  54   3            for(j=0;j<2;j++)
C51 COMPILER V9.57.0.0   SHIYAN2_3                                                         04/16/2020 17:38:16 PAGE 2   

  55   3            {P1=LED4[j];
  56   4            delay(10);
  57   4            if(num!=3)break;}
  58   3          }
  59   2        }
  60   1      }
  61          


MODULE INFORMATION:   STATIC OVERLAYABLE
   CODE SIZE        =    175    ----
   CONSTANT SIZE    =     22    ----
   XDATA SIZE       =   ----    ----
   PDATA SIZE       =   ----    ----
   DATA SIZE        =      1       1
   IDATA SIZE       =   ----    ----
   BIT SIZE         =   ----    ----
END OF MODULE INFORMATION.


C51 COMPILATION COMPLETE.  0 WARNING(S),  0 ERROR(S)
