C51 COMPILER V9.57.0.0   SHIYAN4_1                                                         05/21/2020 23:09:13 PAGE 1   


C51 COMPILER V9.57.0.0, COMPILATION OF MODULE SHIYAN4_1
OBJECT MODULE PLACED IN .\Objects\shiyan4_1.obj
COMPILER INVOKED BY: E:\Keil\Keil5\C51\BIN\C51.EXE shiyan4_1.c OPTIMIZE(8,SPEED) BROWSE DEBUG OBJECTEXTEND PRINT(.\Listi
                    -ngs\shiyan4_1.lst) TABS(2) OBJECT(.\Objects\shiyan4_1.obj)

line level    source

   1          #include <reg51.h>
   2          unsigned int time=0;
   3          unsigned char i,j;
   4          void time1() interrupt 3
   5          {
   6   1        time++;
   7   1        if(time==400)
   8   1        {
   9   2          SBUF=j;
  10   2          while(!TI);
  11   2          TI=0;
  12   2          j>>=1;
  13   2          if(j==0x00)  
  14   2            j=0x80;
  15   2          time=0;
  16   2        }
  17   1      }
  18          void main()
  19          {
  20   1        SCON=0x00;//串口工作于方式0,发送数据
  21   1        TMOD=0x20;//写入方式控制字
  22   1        TH1=0x06;//写入计数初值
  23   1        TL1=0x06;
  24   1        EA=1;//开总中断
  25   1        ET1=1;//定时器1允许中断
  26   1        TR1=1;//启动T1定时
  27   1        j=0x80;
  28   1        while(1);
  29   1      }


MODULE INFORMATION:   STATIC OVERLAYABLE
   CODE SIZE        =     73    ----
   CONSTANT SIZE    =   ----    ----
   XDATA SIZE       =   ----    ----
   PDATA SIZE       =   ----    ----
   DATA SIZE        =      4    ----
   IDATA SIZE       =   ----    ----
   BIT SIZE         =   ----    ----
END OF MODULE INFORMATION.


C51 COMPILATION COMPLETE.  0 WARNING(S),  0 ERROR(S)
