C51 COMPILER V9.57.0.0   SHIYAN5_2                                                         05/02/2021 15:14:32 PAGE 1   


C51 COMPILER V9.57.0.0, COMPILATION OF MODULE SHIYAN5_2
OBJECT MODULE PLACED IN .\Objects\shiyan5_2.obj
COMPILER INVOKED BY: E:\Keil\Keil5\C51\BIN\C51.EXE shiyan5_2.c OPTIMIZE(8,SPEED) BROWSE DEBUG OBJECTEXTEND PRINT(.\Listi
                    -ngs\shiyan5_2.lst) TABS(2) OBJECT(.\Objects\shiyan5_2.obj)

line level    source

   1          #include <reg51.h>
   2          sbit dot=P1^7;
   3          sbit P2_0=P2^0;
   4          sbit P2_1=P2^1;
   5          sbit P2_2=P2^2;
   6          sbit oe=P2^3;
   7          sbit eoc=P2^4;
   8          sbit start=P2^5;
   9          unsigned char code table[]={0x3f,0x06,0x5b,0x4f,0x66,0x6d,0x7d,0x07,0x7f,0x6f};
  10          unsigned long temp,num;
  11          void delay(unsigned int i)
  12          {
  13   1        unsigned int j;
  14   1        while(i--)
  15   1        {
  16   2          for(j=0;j<120;j++);
  17   2        }
  18   1      }
  19          
  20          void display()
  21          {
  22   1        num=temp%10;
  23   1        P2&=0xf8;   //关断位选信号
  24   1        P1=table[num];  //送显示数据
  25   1        P2_2=1;   //选中第三个数码管
  26   1        delay(2);   //延时
  27   1        num=temp/10%10;
  28   1        P2&=0xf8;   //关断位选信号
  29   1        P1=table[num];  //送显示数据
  30   1        P2_1=1;   //选中第二个数码管
  31   1        delay(2);   //延时
  32   1        num=temp/100%10;
  33   1        P2&=0xf8;   //关断位选信号
  34   1        P1=table[num];  //送显示数据
  35   1        dot=1;
  36   1        P2_0=1;   //选中第一个数码管
  37   1        delay(2); 
  38   1        P1=0;   //关段码
  39   1        P2&=0xf8; //关位码
  40   1      }
  41            
  42          void main()
  43          {
  44   1        start=0;
  45   1        oe=0;
  46   1        start=1;
  47   1        start=0;
  48   1        while(1)
  49   1        {
  50   2          if(eoc==1)
  51   2          {
  52   3            oe=1;
  53   3            temp=P0;
  54   3            temp=temp*500/255;
C51 COMPILER V9.57.0.0   SHIYAN5_2                                                         05/02/2021 15:14:32 PAGE 2   

  55   3            oe=0;
  56   3            display();
  57   3            start=1;
  58   3            start=0;
  59   3          }
  60   2        }
  61   1      }


MODULE INFORMATION:   STATIC OVERLAYABLE
   CODE SIZE        =    277    ----
   CONSTANT SIZE    =     10    ----
   XDATA SIZE       =   ----    ----
   PDATA SIZE       =   ----    ----
   DATA SIZE        =      8    ----
   IDATA SIZE       =   ----    ----
   BIT SIZE         =   ----    ----
END OF MODULE INFORMATION.


C51 COMPILATION COMPLETE.  0 WARNING(S),  0 ERROR(S)
