C51 COMPILER V9.57.0.0   SHIYAN5_1                                                         05/21/2020 21:51:47 PAGE 1   


C51 COMPILER V9.57.0.0, COMPILATION OF MODULE SHIYAN5_1
OBJECT MODULE PLACED IN .\Objects\shiyan5_1.obj
COMPILER INVOKED BY: E:\Keil\Keil5\C51\BIN\C51.EXE shiyan5_1.c OPTIMIZE(8,SPEED) BROWSE DEBUG OBJECTEXTEND PRINT(.\Listi
                    -ngs\shiyan5_1.lst) TABS(2) OBJECT(.\Objects\shiyan5_1.obj)

line level    source

   1          #include <reg51.h>
   2          main()
   3          {
   4   1        while(1)
   5   1          P1++;
   6   1      }


MODULE INFORMATION:   STATIC OVERLAYABLE
   CODE SIZE        =      4    ----
   CONSTANT SIZE    =   ----    ----
   XDATA SIZE       =   ----    ----
   PDATA SIZE       =   ----    ----
   DATA SIZE        =   ----    ----
   IDATA SIZE       =   ----    ----
   BIT SIZE         =   ----    ----
END OF MODULE INFORMATION.


C51 COMPILATION COMPLETE.  0 WARNING(S),  0 ERROR(S)
