C51 COMPILER V9.57.0.0   SHIYAN3_2                                                         04/23/2020 22:28:03 PAGE 1   


C51 COMPILER V9.57.0.0, COMPILATION OF MODULE SHIYAN3_2
OBJECT MODULE PLACED IN .\Objects\shiyan3_2.obj
COMPILER INVOKED BY: E:\Keil\Keil5\C51\BIN\C51.EXE shiyan3_2.c OPTIMIZE(8,SPEED) BROWSE DEBUG OBJECTEXTEND PRINT(.\Listi
                    -ngs\shiyan3_2.lst) TABS(2) OBJECT(.\Objects\shiyan3_2.obj)

line level    source

   1          /*
   2          f=6MHz，定时器/计数器T1，方式2，实现从P2.0口输出周期为120ms，占空比为（10+作业号58）%的波形。
   3          */
   4          #include <reg51.h>
   5          #define unchar unsigned char
   6          sbit P2_0=P2^0;
   7          unchar time=0;
   8          unchar period=250;
   9          unchar high=170;
  10          main()
  11          {
  12   1        TMOD=0x20;
  13   1        TH1=0x10;
  14   1        TL1=0x10;
  15   1        EA=1;
  16   1        ET1=1;
  17   1        TR1=1;
  18   1        P2_0=1;
  19   1        while(1);
  20   1      }
  21          time1() interrupt 3
  22          {
  23   1        if(++time==high)
  24   1          P2_0=0;
  25   1        else if(time==period)
  26   1        {
  27   2          time=0;
  28   2          P2_0=1;
  29   2        }
  30   1      }


MODULE INFORMATION:   STATIC OVERLAYABLE
   CODE SIZE        =     49    ----
   CONSTANT SIZE    =   ----    ----
   XDATA SIZE       =   ----    ----
   PDATA SIZE       =   ----    ----
   DATA SIZE        =      3    ----
   IDATA SIZE       =   ----    ----
   BIT SIZE         =   ----    ----
END OF MODULE INFORMATION.


C51 COMPILATION COMPLETE.  0 WARNING(S),  0 ERROR(S)
