C51 COMPILER V9.57.0.0   SHIYAN3_3                                                         05/07/2020 16:43:52 PAGE 1   


C51 COMPILER V9.57.0.0, COMPILATION OF MODULE SHIYAN3_3
OBJECT MODULE PLACED IN .\Objects\shiyan3_3.obj
COMPILER INVOKED BY: E:\Keil\Keil5\C51\BIN\C51.EXE shiyan3_3.c OPTIMIZE(8,SPEED) BROWSE DEBUG OBJECTEXTEND PRINT(.\Listi
                    -ngs\shiyan3_3.lst) TABS(2) OBJECT(.\Objects\shiyan3_3.obj)

line level    source

   1          #include<reg51.h>
   2          #define uchar unsigned char
   3          #define uint unsigned int
   4          sbit P1_0=P1^0; //定义变量P1_0为P1口最低位
   5          uchar num=0;//用于统计按键次数
   6          uint time=0; 
   7          uint i=0;
   8          uint high;//高电平中断次数
   9          uint period;//一个周期中断次数
  10          float k=0.5;//占空比k
  11          
  12          void time1() interrupt 3 //定时器/计数器T1溢出中断
  13          {
  14   1        if(++time==high)//高电平时间到
  15   1          P1_0=0;//输出0
  16   1        else if(time==period)//一个周期时间到
  17   1        {
  18   2          time=0;//中断次数重新计数
  19   2          P1_0=1;//输出1
  20   2        }
  21   1      }
  22          
  23          void int1() interrupt 2 //外部1中断
  24          {
  25   1        k+=0.1;
  26   1        if(k==1.0)
  27   1          k=0.1;
  28   1      }
  29          
  30          void int0() interrupt 0 //外部0中断
  31          {
  32   1        k=0.5;
  33   1        num++;
  34   1        if(num==4)//按键次数超过4次时，重新计数
  35   1         num=0;
  36   1        time=0;
  37   1        P1_0=1;
  38   1      }
  39          
  40          main()//主函数
  41          {
  42   1        TMOD=0x20;//写入方式控制字
  43   1        TH1=(256-50);//写入计数初值
  44   1        TL1=(256-50);
  45   1        EA=1;//开中断总开关
  46   1        EX1=1;//允许外部1中断
  47   1        EX0=1;//允许外部0中断
  48   1        IT1=1;
  49   1        IT0=1;//负跳沿产生中断
  50   1        ET1=1;//定时器1允许中断
  51   1        TR1=1;//启动T1定时
  52   1        P1_0=1;//P1.0口置1 
  53   1        while(1)//等待中断
  54   1        {
C51 COMPILER V9.57.0.0   SHIYAN3_3                                                         05/07/2020 16:43:52 PAGE 2   

  55   2          switch(num)
  56   2          {
  57   3            case 0:period=20;break;//1kHz
  58   3            case 1:period=200;break;//100Hz
  59   3            case 2:period=2000;break;//10Hz
  60   3            case 3:period=20000;break;//1Hz
  61   3          }
  62   2          high=period*k;
  63   2        }
  64   1      }


MODULE INFORMATION:   STATIC OVERLAYABLE
   CODE SIZE        =    299    ----
   CONSTANT SIZE    =   ----    ----
   XDATA SIZE       =   ----    ----
   PDATA SIZE       =   ----    ----
   DATA SIZE        =     13    ----
   IDATA SIZE       =   ----    ----
   BIT SIZE         =   ----    ----
END OF MODULE INFORMATION.


C51 COMPILATION COMPLETE.  0 WARNING(S),  0 ERROR(S)
