C51 COMPILER V9.57.0.0   SHIYAN7_2                                                         05/27/2020 01:09:52 PAGE 1   


C51 COMPILER V9.57.0.0, COMPILATION OF MODULE SHIYAN7_2
OBJECT MODULE PLACED IN .\Objects\shiyan7_2.obj
COMPILER INVOKED BY: E:\Keil\Keil5\C51\BIN\C51.EXE shiyan7_2.c OPTIMIZE(8,SPEED) BROWSE DEBUG OBJECTEXTEND PRINT(.\Listi
                    -ngs\shiyan7_2.lst) TABS(2) OBJECT(.\Objects\shiyan7_2.obj)

line level    source

   1          //12MHz 78ms 三角波
   2          #include <reg51.h>
   3          unsigned int num=0;
   4          void time1() interrupt 3 //定时器/计数器T1溢出中断
   5          {
   6   1        num++;
   7   1        if(num<=255) P1++;
   8   1        else P1--;
   9   1        if(num==510) num=0;
  10   1      }
  11          void main()
  12          {
  13   1        TMOD=0x20;//写入方式控制字
  14   1        TH1=(256-153);//写入计数初值
  15   1        TL1=(256-153);
  16   1        EA=1;
  17   1        ET1=1;//定时器1允许中断
  18   1        TR1=1;//启动T1定时
  19   1        P1=0;
  20   1        while(1);
  21   1      }


MODULE INFORMATION:   STATIC OVERLAYABLE
   CODE SIZE        =     68    ----
   CONSTANT SIZE    =   ----    ----
   XDATA SIZE       =   ----    ----
   PDATA SIZE       =   ----    ----
   DATA SIZE        =      2    ----
   IDATA SIZE       =   ----    ----
   BIT SIZE         =   ----    ----
END OF MODULE INFORMATION.


C51 COMPILATION COMPLETE.  0 WARNING(S),  0 ERROR(S)
