C51 COMPILER V9.57.0.0   SHIYAN1_3                                                         04/09/2020 14:23:34 PAGE 1   


C51 COMPILER V9.57.0.0, COMPILATION OF MODULE SHIYAN1_3
OBJECT MODULE PLACED IN .\Objects\shiyan1_3.obj
COMPILER INVOKED BY: E:\Keil\Keil5\C51\BIN\C51.EXE shiyan1_3.c OPTIMIZE(8,SPEED) BROWSE DEBUG OBJECTEXTEND PRINT(.\Listi
                    -ngs\shiyan1_3.lst) TABS(2) OBJECT(.\Objects\shiyan1_3.obj)

line level    source

   1          #include <reg51.h>          //头文件
   2          void delay()              //延时函数216ms
   3          {  
   4   1        unsigned char i,j,k;      //定义计数器i,j,k
   5   1        for(i=65;i>0;i--){        //循环65次
   6   2        for(j=40;j>0;j--){        //循环40次
   7   3        for(k=40;k>0;k--)         //循环40次
   8   3        {;}                       //循环内容
   9   3      }}}                         //[(2*40+3)*40+3]*65+5=21600 晶振12MHZ
  10          
  11          void main()
  12          {
  13   1        int i,j;//定义计数器i，j
  14   1        unsigned char A[] = {0x01,0x03,0x07,0x0F};//定义数组
  15   1        unsigned char a = A[0]; //定义初始状态
  16   1          while(1)  {             //死循环
  17   2            for(i=0;i<4;i++)//遍历数组元素
  18   2              {
  19   3                a=A[i];//类似查表，给a赋初值
  20   3              for(j=8;j>0;j--) //移位循环
  21   3              {         
  22   4                P1 = ~a;  //低电平有效，对a按位取反
  23   4                delay();  //延时
  24   4                if(a >= 0x80)//最高位为1时
  25   4                  break;//跳出循环，中断左移
  26   4      
  27   4                a = a<<1; //左移实现跑马灯
  28   4              }}
  29   2            }
  30   1      }


MODULE INFORMATION:   STATIC OVERLAYABLE
   CODE SIZE        =     88    ----
   CONSTANT SIZE    =      4    ----
   XDATA SIZE       =   ----    ----
   PDATA SIZE       =   ----    ----
   DATA SIZE        =   ----       4
   IDATA SIZE       =   ----    ----
   BIT SIZE         =   ----    ----
END OF MODULE INFORMATION.


C51 COMPILATION COMPLETE.  0 WARNING(S),  0 ERROR(S)
