C51 COMPILER V9.57.0.0   YANSHI                                                            04/02/2020 22:28:09 PAGE 1   


C51 COMPILER V9.57.0.0, COMPILATION OF MODULE YANSHI
OBJECT MODULE PLACED IN .\Objects\yanshi.obj
COMPILER INVOKED BY: E:\Keil\Keil5\C51\BIN\C51.EXE yanshi.c OPTIMIZE(8,SPEED) BROWSE DEBUG OBJECTEXTEND PRINT(.\Listings
                    -\yanshi.lst) TABS(2) OBJECT(.\Objects\yanshi.obj)

line level    source

   1          #include <reg52.h>
   2          void delay(void)
   3          {
   4   1        unsigned char i,j,k;
   5   1        for(i=2;i>0;i--)
   6   1        for(j=110;j>0;j--)
   7   1        for(k=1;k>0;k--);
   8   1      }
   9          void main()
  10          {
  11   1        delay();
  12   1      }


MODULE INFORMATION:   STATIC OVERLAYABLE
   CODE SIZE        =     16    ----
   CONSTANT SIZE    =   ----    ----
   XDATA SIZE       =   ----    ----
   PDATA SIZE       =   ----    ----
   DATA SIZE        =   ----    ----
   IDATA SIZE       =   ----    ----
   BIT SIZE         =   ----    ----
END OF MODULE INFORMATION.


C51 COMPILATION COMPLETE.  0 WARNING(S),  0 ERROR(S)
